[2026-04-21T20:00:20Z] === ENRICH ITERATION 1 START | repo=apple/swift-atomics sha=b601256e ===
[2026-04-21T20:00:20Z] [iter=1] PHASE START: enrich repo=apple/swift-atomics sha=b601256e runlog=/home/runner/work/forx/forx/storage/aggregate/lsp/logs/b601256e-enrich-iter-001.log output=/home/runner/work/forx/forx/storage/aggregate/lsp/b601256eab081c0f92f059e12818ac1d4f178ff7.nq.gz
[2026-04-21T20:00:20Z] [iter=1] Step 1: Loading AST into disk-backed store mem_mb=76 MB
[2026-04-21T20:00:57Z] [iter=1] AST store loaded triples=3778420 load_secs=35 mem_mb=1130 MB
[2026-04-21T20:00:57Z] [iter=1] Step 2: Finding LSP targets mem_mb=1130 MB
[2026-04-21T20:01:02Z] [iter=1] LSP targets found call_sites=37112 imports=90 extends=6 implements=0 secs=5
[2026-04-21T20:01:05Z] [iter=1] Step 2.7: Building position index (one-shot, shared across resolvers) mem_mb=1130 MB
[2026-04-21T20:01:25Z] [iter=1] Position index built positions=217118 nodes_with_types=263938 secs=20 mem_mb=1130 MB
[2026-04-21T20:01:25Z] [iter=1] Step 3: Starting LSP resolution mem_mb=1130 MB already_completed_types=[] already_completed_files=0
[2026-04-21T20:01:25Z] [iter=1] Resolving target type target_type=call_site count=37112
[2026-04-21T20:01:27Z] [iter=1] HEARTBEAT target_type=call_site elapsed_min=1.1 files_done=0 resolved=0 errors=37112 current=Utilities/gyb.py
[2026-04-21T20:03:22Z] [iter=1] HEARTBEAT target_type=call_site elapsed_min=3.0 files_done=1 resolved=57 errors=37199 current=Utilities/gyb_utils.py
[2026-04-21T20:03:35Z] [iter=1] Target type resolved target_type=call_site resolved=58 errors=37207 secs=131 mem_mb=1130 MB
[2026-04-21T20:03:35Z] [iter=1] Resolving target type target_type=import_statement count=90
[2026-04-21T20:03:39Z] [iter=1] Target type resolved target_type=import_statement resolved=11 errors=90 secs=3 mem_mb=1130 MB
[2026-04-21T20:03:39Z] [iter=1] Resolving target type target_type=extends_clause count=6
[2026-04-21T20:03:40Z] [iter=1] Target type resolved target_type=extends_clause resolved=6 errors=0 secs=1 mem_mb=1130 MB
[2026-04-21T20:03:42Z] [iter=1] Step 5: Writing final enrichment file triples=1956
[2026-04-21T20:03:42Z] [iter=1] Enrichment file written path=/home/runner/work/forx/forx/storage/aggregate/lsp/b601256eab081c0f92f059e12818ac1d4f178ff7.nq.gz size_kb=30
[2026-04-21T20:03:42Z] [iter=1] PHASE END: enrich elapsed_s=201 elapsed_min=3.4 total_triples=1956
